================================================================================
Rule No. 323 : psubstrate_StampErrorMult

Real Error Count : 1; Flat Error Count : 1
================================================================================

--------------------------------------------------------------------------------
Cell Name : SRAM_6T_layout layout NguyenTaiAnhTuan

                   Cell Errors    Real Errors   Cell Placements     Environments
                             1              1                 1                1
--------------------------------------------------------------------------------
Env.  Env. Placements            X1           Y1          X2           Y2

  1        1                 -0.080        0.160       4.750        4.500

Shape               Environments Status & Error Marker 

          1           X1         Y1         X2         Y2

   1      X       -0.080      0.160      4.750      4.500

================================================================================
Rule No. 324 : psubstrate_StampErrorConnect

Real Error Count : 1; Flat Error Count : 1
================================================================================

--------------------------------------------------------------------------------
Cell Name : SRAM_6T_layout layout NguyenTaiAnhTuan

                   Cell Errors    Real Errors   Cell Placements     Environments
                             1              1                 1                1
--------------------------------------------------------------------------------
Env.  Env. Placements            X1           Y1          X2           Y2

  1        1                  1.350        0.440       2.130        0.680

Shape               Environments Status & Error Marker 

          1           X1         Y1         X2         Y2

   1      X        1.350      0.440      2.130      0.680

================================================================================
Rule No. 347 : NW.SP.1: Nwell to Nwell spacing (same potential) must be >= 0.6 um

Real Error Count : 1; Flat Error Count : 1
================================================================================

--------------------------------------------------------------------------------
Cell Name : SRAM_6T_layout layout NguyenTaiAnhTuan

                   Cell Errors    Real Errors   Cell Placements     Environments
                             1              1                 1                1
--------------------------------------------------------------------------------
Env.  Env. Placements            X1           Y1          X2           Y2

  1        1                  2.250        3.080       2.570        4.020

Shape               Environments Status & Error Marker 

          1           X1         Y1         X2         Y2

   1      X        2.250      3.080      2.570      4.020

================================================================================
Rule No. 546 : METAL1.W.1: Metal1 width must be >= 0.12 um

Real Error Count : 1; Flat Error Count : 1
================================================================================

--------------------------------------------------------------------------------
Cell Name : SRAM_6T_layout layout NguyenTaiAnhTuan

                   Cell Errors    Real Errors   Cell Placements     Environments
                             1              1                 1                1
--------------------------------------------------------------------------------
Env.  Env. Placements            X1           Y1          X2           Y2

  1        1                  3.290        0.840       3.380        0.980

Shape               Environments Status & Error Marker 

          1           X1         Y1         X2         Y2

   1      X        3.290      0.840      3.380      0.980

================================================================================
Rule No. 564 : METAL1.SP.1.1: Metal1 to Metal1 spacing must be >= 0.12 um

Real Error Count : 3; Flat Error Count : 3
================================================================================

--------------------------------------------------------------------------------
Cell Name : SRAM_6T_layout layout NguyenTaiAnhTuan

                   Cell Errors    Real Errors   Cell Placements     Environments
                             3              3                 1                1
--------------------------------------------------------------------------------
Env.  Env. Placements            X1           Y1          X2           Y2

  1        1                  1.331        0.620       2.209        4.380

Shape               Environments Status & Error Marker 

          1           X1         Y1         X2         Y2

   1      X        1.331      0.620      2.209      0.710
   2      X        1.617      4.270      1.833      4.380
   3      X        1.853      0.830      2.167      0.900

